app/build/intermediates/manifest_merge_blame_file/debug/manifest-merger-blame-debug-report.txt
1<?xml version="1.0" encoding="utf-8"?>
2<manifest xmlns:android="http://schemas.android.com/apk/res/android"
3    package="com.dawaukum"
4    android:versionCode="1"
5    android:versionName="1.0" >
6
7    <uses-sdk
8        android:minSdkVersion="23"
8-->src/main/AndroidManifest.xml
9        android:targetSdkVersion="32" />
9-->src/main/AndroidManifest.xml
10
11    <uses-permission android:name="android.permission.INTERNET" />
11-->src/main/AndroidManifest.xml:5:5-67
11-->src/main/AndroidManifest.xml:5:22-64
12    <uses-permission android:name="android.permission.WRITE_EXTERNAL_STORAGE" />
12-->src/main/AndroidManifest.xml:6:5-81
12-->src/main/AndroidManifest.xml:6:22-78
13
14    <!-- Although the *SdkVersion is captured in gradle build files, this is required for non gradle builds -->
15    <!-- <uses-sdk android:minSdkVersion="14" /> -->
16    <uses-permission android:name="android.permission.ACCESS_NETWORK_STATE" />
16-->[com.google.firebase:firebase-firestore:24.1.2] AndroidManifest.xml:13:5-79
16-->[com.google.firebase:firebase-firestore:24.1.2] AndroidManifest.xml:13:22-76
17
18    <application
18-->src/main/AndroidManifest.xml:8:5-97:19
19        android:allowBackup="true"
19-->src/main/AndroidManifest.xml:9:9-35
20        android:appComponentFactory="androidx.core.app.CoreComponentFactory"
20-->[androidx.core:core:1.5.0] AndroidManifest.xml:24:18-86
21        android:debuggable="true"
22        android:extractNativeLibs="false"
23        android:icon="@drawable/logo"
23-->src/main/AndroidManifest.xml:10:9-38
24        android:label="@string/app_name"
24-->src/main/AndroidManifest.xml:11:9-41
25        android:roundIcon="@id/logo"
25-->src/main/AndroidManifest.xml:12:9-37
26        android:supportsRtl="true"
26-->src/main/AndroidManifest.xml:13:9-35
27        android:testOnly="true"
28        android:theme="@style/Theme.Dawaukum" >
28-->src/main/AndroidManifest.xml:14:9-46
29        <activity
29-->src/main/AndroidManifest.xml:15:9-18:53
30            android:name="com.dawaukum.User.CheckoutActivity"
30-->src/main/AndroidManifest.xml:16:13-50
31            android:exported="false"
31-->src/main/AndroidManifest.xml:17:13-37
32            android:screenOrientation="portrait" />
32-->src/main/AndroidManifest.xml:18:13-49
33        <activity
33-->src/main/AndroidManifest.xml:19:9-22:52
34            android:name="com.dawaukum.Pharmacy.PharmacyProfileActivity"
34-->src/main/AndroidManifest.xml:20:13-61
35            android:exported="false"
35-->src/main/AndroidManifest.xml:21:13-37
36            android:screenOrientation="portrait" />
36-->src/main/AndroidManifest.xml:22:13-49
37        <activity
37-->src/main/AndroidManifest.xml:23:9-26:52
38            android:name="com.dawaukum.Pharmacy.PharmacyNotificationsActivity"
38-->src/main/AndroidManifest.xml:24:13-67
39            android:exported="false"
39-->src/main/AndroidManifest.xml:25:13-37
40            android:screenOrientation="portrait" />
40-->src/main/AndroidManifest.xml:26:13-49
41        <activity
41-->src/main/AndroidManifest.xml:27:9-30:52
42            android:name="com.dawaukum.Pharmacy.PharmacyDrugSingleActivity"
42-->src/main/AndroidManifest.xml:28:13-64
43            android:exported="false"
43-->src/main/AndroidManifest.xml:29:13-37
44            android:screenOrientation="portrait" />
44-->src/main/AndroidManifest.xml:30:13-49
45        <activity
45-->src/main/AndroidManifest.xml:31:9-34:52
46            android:name="com.dawaukum.Pharmacy.PharmacyDrugsActivity"
46-->src/main/AndroidManifest.xml:32:13-59
47            android:exported="false"
47-->src/main/AndroidManifest.xml:33:13-37
48            android:screenOrientation="portrait" />
48-->src/main/AndroidManifest.xml:34:13-49
49        <activity
49-->src/main/AndroidManifest.xml:35:9-38:52
50            android:name="com.dawaukum.User.DrugActivity"
50-->src/main/AndroidManifest.xml:36:13-46
51            android:exported="false"
51-->src/main/AndroidManifest.xml:37:13-37
52            android:screenOrientation="portrait" />
52-->src/main/AndroidManifest.xml:38:13-49
53        <activity
53-->src/main/AndroidManifest.xml:39:9-42:52
54            android:name="com.dawaukum.User.UserPharmacyActivity"
54-->src/main/AndroidManifest.xml:40:13-54
55            android:exported="false"
55-->src/main/AndroidManifest.xml:41:13-37
56            android:screenOrientation="portrait" />
56-->src/main/AndroidManifest.xml:42:13-49
57        <activity
57-->src/main/AndroidManifest.xml:43:9-46:52
58            android:name="com.dawaukum.User.UserProfileActivity"
58-->src/main/AndroidManifest.xml:44:13-53
59            android:exported="false"
59-->src/main/AndroidManifest.xml:45:13-37
60            android:screenOrientation="portrait" />
60-->src/main/AndroidManifest.xml:46:13-49
61        <activity
61-->src/main/AndroidManifest.xml:47:9-50:52
62            android:name="com.dawaukum.User.UserOrdersActivity"
62-->src/main/AndroidManifest.xml:48:13-52
63            android:exported="false"
63-->src/main/AndroidManifest.xml:49:13-37
64            android:screenOrientation="portrait" />
64-->src/main/AndroidManifest.xml:50:13-49
65        <activity
65-->src/main/AndroidManifest.xml:51:9-54:52
66            android:name="com.dawaukum.User.CartActivity"
66-->src/main/AndroidManifest.xml:52:13-46
67            android:exported="false"
67-->src/main/AndroidManifest.xml:53:13-37
68            android:screenOrientation="portrait" />
68-->src/main/AndroidManifest.xml:54:13-49
69        <activity
69-->src/main/AndroidManifest.xml:55:9-58:52
70            android:name="com.dawaukum.Pharmacy.MainPharmacyActivity"
70-->src/main/AndroidManifest.xml:56:13-58
71            android:exported="false"
71-->src/main/AndroidManifest.xml:57:13-37
72            android:screenOrientation="portrait" />
72-->src/main/AndroidManifest.xml:58:13-49
73        <activity
73-->src/main/AndroidManifest.xml:59:9-62:52
74            android:name="com.dawaukum.User.MainUserActivity"
74-->src/main/AndroidManifest.xml:60:13-50
75            android:exported="false"
75-->src/main/AndroidManifest.xml:61:13-37
76            android:screenOrientation="portrait" />
76-->src/main/AndroidManifest.xml:62:13-49
77        <activity
77-->src/main/AndroidManifest.xml:63:9-66:52
78            android:name="com.dawaukum.General.RegisterMainActivity"
78-->src/main/AndroidManifest.xml:64:13-57
79            android:exported="false"
79-->src/main/AndroidManifest.xml:65:13-37
80            android:screenOrientation="portrait" />
80-->src/main/AndroidManifest.xml:66:13-49
81        <activity
81-->src/main/AndroidManifest.xml:67:9-70:52
82            android:name="com.dawaukum.General.RegisterPharmacyActivity"
82-->src/main/AndroidManifest.xml:68:13-61
83            android:exported="false"
83-->src/main/AndroidManifest.xml:69:13-37
84            android:screenOrientation="portrait" />
84-->src/main/AndroidManifest.xml:70:13-49
85        <activity
85-->src/main/AndroidManifest.xml:71:9-74:52
86            android:name="com.dawaukum.General.RegisterUserActivity"
86-->src/main/AndroidManifest.xml:72:13-57
87            android:exported="false"
87-->src/main/AndroidManifest.xml:73:13-37
88            android:screenOrientation="portrait" />
88-->src/main/AndroidManifest.xml:74:13-49
89        <activity
89-->src/main/AndroidManifest.xml:75:9-78:52
90            android:name="com.dawaukum.General.LoginActivity"
90-->src/main/AndroidManifest.xml:76:13-50
91            android:exported="false"
91-->src/main/AndroidManifest.xml:77:13-37
92            android:screenOrientation="portrait" />
92-->src/main/AndroidManifest.xml:78:13-49
93        <activity
93-->src/main/AndroidManifest.xml:79:9-82:52
94            android:name="com.dawaukum.Doctor.MainDoctorActivity"
94-->src/main/AndroidManifest.xml:80:13-54
95            android:exported="false"
95-->src/main/AndroidManifest.xml:81:13-37
96            android:screenOrientation="portrait" />
96-->src/main/AndroidManifest.xml:82:13-49
97        <activity
97-->src/main/AndroidManifest.xml:83:9-86:52
98            android:name="com.dawaukum.General.RegisterDoctorActivity"
98-->src/main/AndroidManifest.xml:84:13-59
99            android:exported="false"
99-->src/main/AndroidManifest.xml:85:13-37
100            android:screenOrientation="portrait" />
100-->src/main/AndroidManifest.xml:86:13-49
101        <activity
101-->src/main/AndroidManifest.xml:87:9-96:20
102            android:name="com.dawaukum.General.SplashActivity"
102-->src/main/AndroidManifest.xml:88:13-51
103            android:exported="true"
103-->src/main/AndroidManifest.xml:89:13-36
104            android:screenOrientation="portrait" >
104-->src/main/AndroidManifest.xml:90:13-49
105            <intent-filter>
105-->src/main/AndroidManifest.xml:91:13-95:29
106                <action android:name="android.intent.action.MAIN" />
106-->src/main/AndroidManifest.xml:92:17-69
106-->src/main/AndroidManifest.xml:92:25-66
107
108                <category android:name="android.intent.category.LAUNCHER" />
108-->src/main/AndroidManifest.xml:94:17-77
108-->src/main/AndroidManifest.xml:94:27-74
109            </intent-filter>
110        </activity>
111
112        <service
112-->[com.google.firebase:firebase-firestore:24.1.2] AndroidManifest.xml:17:9-23:19
113            android:name="com.google.firebase.components.ComponentDiscoveryService"
113-->[com.google.firebase:firebase-firestore:24.1.2] AndroidManifest.xml:18:13-84
114            android:directBootAware="true"
114-->[com.google.firebase:firebase-common:20.1.1] AndroidManifest.xml:35:13-43
115            android:exported="false" >
115-->[com.google.firebase:firebase-firestore:24.1.2] AndroidManifest.xml:19:13-37
116            <meta-data
116-->[com.google.firebase:firebase-firestore:24.1.2] AndroidManifest.xml:20:13-22:85
117                android:name="com.google.firebase.components:com.google.firebase.firestore.FirestoreRegistrar"
117-->[com.google.firebase:firebase-firestore:24.1.2] AndroidManifest.xml:21:17-111
118                android:value="com.google.firebase.components.ComponentRegistrar" />
118-->[com.google.firebase:firebase-firestore:24.1.2] AndroidManifest.xml:22:17-82
119            <meta-data
119-->[com.google.firebase:firebase-storage:20.0.1] AndroidManifest.xml:33:13-35:85
120                android:name="com.google.firebase.components:com.google.firebase.storage.StorageRegistrar"
120-->[com.google.firebase:firebase-storage:20.0.1] AndroidManifest.xml:34:17-107
121                android:value="com.google.firebase.components.ComponentRegistrar" />
121-->[com.google.firebase:firebase-storage:20.0.1] AndroidManifest.xml:35:17-82
122        </service>
123
124        <activity
124-->[com.google.android.gms:play-services-base:18.0.1] AndroidManifest.xml:20:9-22:45
125            android:name="com.google.android.gms.common.api.GoogleApiActivity"
125-->[com.google.android.gms:play-services-base:18.0.1] AndroidManifest.xml:20:19-85
126            android:exported="false"
126-->[com.google.android.gms:play-services-base:18.0.1] AndroidManifest.xml:22:19-43
127            android:theme="@android:style/Theme.Translucent.NoTitleBar" />
127-->[com.google.android.gms:play-services-base:18.0.1] AndroidManifest.xml:21:19-78
128
129        <provider
129-->[com.google.firebase:firebase-common:20.1.1] AndroidManifest.xml:26:9-31:39
130            android:name="com.google.firebase.provider.FirebaseInitProvider"
130-->[com.google.firebase:firebase-common:20.1.1] AndroidManifest.xml:27:13-77
131            android:authorities="com.dawaukum.firebaseinitprovider"
131-->[com.google.firebase:firebase-common:20.1.1] AndroidManifest.xml:28:13-72
132            android:directBootAware="true"
132-->[com.google.firebase:firebase-common:20.1.1] AndroidManifest.xml:29:13-43
133            android:exported="false"
133-->[com.google.firebase:firebase-common:20.1.1] AndroidManifest.xml:30:13-37
134            android:initOrder="100" />
134-->[com.google.firebase:firebase-common:20.1.1] AndroidManifest.xml:31:13-36
135
136        <meta-data
136-->[com.google.android.gms:play-services-basement:18.0.0] AndroidManifest.xml:21:9-23:69
137            android:name="com.google.android.gms.version"
137-->[com.google.android.gms:play-services-basement:18.0.0] AndroidManifest.xml:22:13-58
138            android:value="@integer/google_play_services_version" />
138-->[com.google.android.gms:play-services-basement:18.0.0] AndroidManifest.xml:23:13-66
139    </application>
140
141</manifest>